========================================================================
plotResponseFractions LOG START: 19-Aug-2025 12:23:44
========================================================================
LOG FILE LOCATION: /home/jf5479/Dropbox/MATLAB/onPaths/brain_street_view/+bsv/logs/plotResponseFractions_naive_20250819_122344.log
Function called with:
  load_type: naive
  keep_type: 4
  loadVids: 0
  Working directory: /home/jf5479/Dropbox/MATLAB/onPaths/brain_street_view/+bsv
========================================================================

[LOG] cl_myPaths completed successfully
[LOG] Loading target info...
Loading existing target files...
[LOG] Target info loaded successfully. nSessions = 296

==== Analysis Information ====
Total number of sessions: n = 296 sessions
Load type: naive, Keep type: 4, Load videos: 0
Note: Detailed neuron, session, and mouse counts will be displayed after analysis.
[LOG] Cache directory: /home/jf5479/Dropbox/PhD_summary/curr/analysis_cache
[LOG] Cache file path: /home/jf5479/Dropbox/PhD_summary/curr/analysis_cache/visual_responses_naive_4_0_new.mat
[LOG] Loading cached results from /home/jf5479/Dropbox/PhD_summary/curr/analysis_cache/visual_responses_naive_4_0_new.mat
[LOG] Cache loaded successfully

================================================================================
                        COMPREHENSIVE ANALYSIS SUMMARY
================================================================================

📊 Str (Region 1):
   • Total neurons: 10729
   • Good neurons (type 1): 1812 (16.9%)
   • MUA neurons (type 2): 6718 (62.6%)
   • Non-somatic neurons (type 3): 484 (4.5%)
   • Noise neurons (type 4): 1715 (16.0%)
   • Visual area neurons: 2232 (20.8%)
   • Good visual neurons: 361 (3.4%)
   • MUA visual neurons: 1453 (13.5%)
   • Non-somatic visual neurons: 66 (0.6%)
   • Noise visual neurons: 0 (0.0%)
   • Sessions: 57
   • Mice: 11
   • Responsive (increase): 916 (8.5%)
   • Responsive (decrease): 78 (0.7%)
   • Total responsive: 994 (9.3%)

📊 GPe (Region 2):
   • Total neurons: 1603
   • Good neurons (type 1): 500 (31.2%)
   • MUA neurons (type 2): 790 (49.3%)
   • Non-somatic neurons (type 3): 127 (7.9%)
   • Noise neurons (type 4): 186 (11.6%)
   • Visual area neurons: 637 (39.7%)
   • Good visual neurons: 205 (12.8%)
   • MUA visual neurons: 323 (20.1%)
   • Non-somatic visual neurons: 40 (2.5%)
   • Noise visual neurons: 0 (0.0%)
   • Sessions: 31
   • Mice: 9
   • Responsive (increase): 95 (5.9%)
   • Responsive (decrease): 34 (2.1%)
   • Total responsive: 129 (8.0%)

📊 SNr (Region 3):
   • Total neurons: 692
   • Good neurons (type 1): 257 (37.1%)
   • MUA neurons (type 2): 339 (49.0%)
   • Non-somatic neurons (type 3): 30 (4.3%)
   • Noise neurons (type 4): 66 (9.5%)
   • Visual area neurons: 381 (55.1%)
   • Good visual neurons: 143 (20.7%)
   • MUA visual neurons: 184 (26.6%)
   • Non-somatic visual neurons: 11 (1.6%)
   • Noise visual neurons: 0 (0.0%)
   • Sessions: 30
   • Mice: 8
   • Responsive (increase): 30 (4.3%)
   • Responsive (decrease): 24 (3.5%)
   • Total responsive: 54 (7.8%)

📈 GLOBAL SUMMARY:
   ======================================
   🧠 TOTAL NEURONS: 13024
   ✅ GOOD NEURONS (type 1): 2569 (19.7%)
   🔴 MUA NEURONS (type 2): 7847 (60.3%)
   🟡 NON-SOMATIC NEURONS (type 3): 641 (4.9%)
   ❌ NOISE NEURONS (type 4): 1967 (15.1%)
   👁️ VISUAL AREA NEURONS: 3250 (25.0%)
   ✅👁️ GOOD VISUAL NEURONS: 709 (5.4%)
   🔴👁️ MUA VISUAL NEURONS: 1960 (15.0%)
   🟡👁️ NON-SOMATIC VISUAL NEURONS: 117 (0.9%)
   ❌👁️ NOISE VISUAL NEURONS: 0 (0.0%)
   📋 TOTAL SESSIONS: 109
   🐭 TOTAL MICE: 16
   ======================================
   • Load type: naive
   • Keep type: 4
   • Load videos:  

🔬 ANALYSIS PARAMETERS:
   • Z-score threshold for increase: >= 0.25
   • Z-score threshold for decrease: <= -0.25
   • Stimulus window: 50-130ms post-stimulus onset
   • Baseline window: -200-0ms pre-stimulus

================================================================================
                            END SUMMARY
================================================================================


[LOG] Starting figure creation...
[LOG] Creating figures for region 1 (Str)
[LOG]   Creating figure for region Str
[LOG]   Creating subplot 1: All cells PSTH heatmap
[LOG]   PSTH data size: 361 x 1000

---- Within-Region Comparison for Str (n = 31 sessions analyzed for this region) ----
Sessions contributing data to Str: 31 out of 296 total sessions (10.5%)
Increase vs. Decrease: Wilcoxon signed-rank test, p = 0.0000 ***
Effect size (Cohen's d): 1.36 (large)
Mean Inc/Dec Ratio: 0.92
Overall Inc/Dec Ratio: 18.75
[LOG] Creating figures for region 2 (GPe)
[LOG]   Creating figure for region GPe
[LOG]   Creating subplot 1: All cells PSTH heatmap
[LOG]   PSTH data size: 205 x 1000

---- Within-Region Comparison for GPe (n = 19 sessions analyzed for this region) ----
Sessions contributing data to GPe: 19 out of 296 total sessions (6.4%)
Increase vs. Decrease: Wilcoxon signed-rank test, p = 0.0112 *
Effect size (Cohen's d): 0.93 (large)
Mean Inc/Dec Ratio: 0.60
Overall Inc/Dec Ratio: 2.33
[LOG] Creating figures for region 3 (SNr)
[LOG]   Creating figure for region SNr
[LOG]   Creating subplot 1: All cells PSTH heatmap
[LOG]   PSTH data size: 143 x 1000

---- Within-Region Comparison for SNr (n = 24 sessions analyzed for this region) ----
Sessions contributing data to SNr: 24 out of 296 total sessions (8.1%)
Increase vs. Decrease: Wilcoxon signed-rank test, p = 0.6909 
Effect size (Cohen's d): 0.25 (small)
Mean Inc/Dec Ratio: -0.08
Overall Inc/Dec Ratio: 0.65

==== Summary Statistics (n = 296 total sessions loaded) ====
Region Increase (mean±SE)   Decrease (mean±SE)   Total (mean±SE)      Cell Count Sessions   Inc/Dec Ratio (mean±SE)
Str    0.35 ± 0.06 (n=361, 31 sess, 8 mice) 0.01 ± 0.01 (n=361, 31 sess, 8 mice) 0.36 ± 0.06 (n=361, 31 sess, 8 mice) 361        31         0.92 ± 0.05         
GPe    0.21 ± 0.06 (n=205, 19 sess, 8 mice) 0.04 ± 0.02 (n=205, 19 sess, 8 mice) 0.25 ± 0.06 (n=205, 19 sess, 8 mice) 205        19         0.60 ± 0.18         
SNr    0.07 ± 0.02 (n=143, 24 sess, 6 mice) 0.11 ± 0.05 (n=143, 24 sess, 6 mice) 0.18 ± 0.05 (n=143, 24 sess, 6 mice) 143        24         -0.08 ± 0.26        

Chi-square test for distribution of increases vs decreases across regions: p = 0.0000
Sessions per region: Str: 31 sessions, GPe: 19 sessions, SNr: 24 sessions, 
Pairwise comparisons between regions:
Regions Str vs GPe: p = 0.0002 ***
Regions Str vs SNr: p = 0.0000 ***
Regions GPe vs SNr: p = 0.0156 *

==== Statistical Comparison Between Regions ====
Total sessions loaded: 296
Sessions per region: Str: 31 sessions, GPe: 19 sessions, SNr: 24 sessions, 
Kruskal-Wallis test for increased responses: p = 0.0010
Kruskal-Wallis test for decreased responses: p = 0.0303

Pairwise Mann-Whitney U tests for increased responses:
Str vs GPe: p = 0.1689 
Str vs SNr: p = 0.0003 ***
GPe vs SNr: p = 0.0208 *

Pairwise Mann-Whitney U tests for decreased responses:
Str vs GPe: p = 0.0590 
Str vs SNr: p = 0.0093 **
GPe vs SNr: p = 0.4252 

================================================================================
                      SAMPLE SIZE SUMMARY
================================================================================
Analysis: naive (keep_type: 4)

Sample sizes per region:
  Str: n=361 neurons, 31 sessions, 8 mice
  GPe: n=205 neurons, 19 sessions, 8 mice
  SNr: n=143 neurons, 24 sessions, 6 mice

Overall totals:
  Total neurons analyzed: 709
  Total sessions: 31
  Total mice: 22
================================================================================

========================================================================
plotResponseFractions LOG END: 19-Aug-2025 12:23:50
Function completed successfully
========================================================================
